<?xml version="1.0" encoding="UTF-8"?>
<coverage generated="1754561440437" clover="3.2.0">
  <project timestamp="1754561440437" name="All files">
    <metrics statements="2" coveredstatements="2" conditionals="0" coveredconditionals="0" methods="1" coveredmethods="1" elements="3" coveredelements="3" complexity="0" loc="2" ncloc="2" packages="1" files="1" classes="1"/>
    <file name="Stepper.jsx" path="C:\Users\Work\Documents\Barclays React Angular 1\src\Stepper.jsx">
      <metrics statements="2" coveredstatements="2" conditionals="0" coveredconditionals="0" methods="1" coveredmethods="1"/>
      <line num="4" count="7" type="stmt"/>
      <line num="5" count="7" type="stmt"/>
    </file>
  </project>
</coverage>
