{"C:\\Users\\Work\\Documents\\Barclays React Angular 1\\src\\Stepper.jsx": {"path":"C:\\Users\\Work\\Documents\\Barclays React Angular 1\\src\\Stepper.jsx","statementMap":{"0":{"start":{"line":4,"column":30},"end":{"line":4,"column":41}},"1":{"start":{"line":5,"column":4},"end":{"line":5,"column":28}}},"fnMap":{"0":{"name":"Stepper","decl":{"start":{"line":3,"column":9},"end":{"line":3,"column":16}},"loc":{"start":{"line":3,"column":19},"end":{"line":6,"column":1}},"line":3}},"branchMap":{},"s":{"0":7,"1":7},"f":{"0":7},"b":{},"_coverageSchema":"1a1c01bbd47fc00a2c39e90264f33305004495a9","hash":"bebe7822fda2607a4b5c5f04e4bb901a3428e2b8"}
}
